[2009-05-12 11:23:14] 0 From /home/httpd/vhosts/nopaste.ch/subdomains/pkdev/httpdocs/world/templates/fight.html around line 0exception 'PHPTAL_VariableNotFoundException' with message 'Unable to find variable 'battleground' in current scope' in /home/httpd/vhosts/nopaste.ch/subdomains/pkdev/httpdocs/world/lib/classes/PHPTAL/Context.php:203Stack trace:#0 /tmp/tpl_1242078480_1_1_16fight_htmlefe461991e2bf9d0bc7a160f13ef3e7c.php(15): PHPTAL_Context->__get('battleground')#1 /home/httpd/vhosts/nopaste.ch/subdomains/pkdev/httpdocs/world/lib/classes/PHPTAL.php(390): tpl_1242078480_1_1_16fight_htmlefe461991e2bf9d0bc7a160f13ef3e7c(Object(PHPTAL), Object(PHPTAL_Context))#2 /home/httpd/vhosts/nopaste.ch/subdomains/pkdev/httpdocs/world/includes/index_bottom.php(11): PHPTAL->execute()#3 /home/httpd/vhosts/nopaste.ch/subdomains/pkdev/httpdocs/world/index.php(19): include('/home/httpd/vho...')#4 {main} (/world/includes/index_bottom.php)
[2009-05-12 11:23:31] 80 1 Karte gewechselt, von 423 nach 445.
[2009-05-12 11:46:31] 80 1 Karte gewechselt, von 445 nach 423.
[2009-05-12 11:46:32] 0 From /home/httpd/vhosts/nopaste.ch/subdomains/pkdev/httpdocs/world/templates/fight.html around line 0exception 'PHPTAL_VariableNotFoundException' with message 'Unable to find variable 'battleground' in current scope' in /home/httpd/vhosts/nopaste.ch/subdomains/pkdev/httpdocs/world/lib/classes/PHPTAL/Context.php:203Stack trace:#0 /tmp/tpl_1242078480_1_1_16fight_htmlefe461991e2bf9d0bc7a160f13ef3e7c.php(15): PHPTAL_Context->__get('battleground')#1 /home/httpd/vhosts/nopaste.ch/subdomains/pkdev/httpdocs/world/lib/classes/PHPTAL.php(390): tpl_1242078480_1_1_16fight_htmlefe461991e2bf9d0bc7a160f13ef3e7c(Object(PHPTAL), Object(PHPTAL_Context))#2 /home/httpd/vhosts/nopaste.ch/subdomains/pkdev/httpdocs/world/includes/index_bottom.php(11): PHPTAL->execute()#3 /home/httpd/vhosts/nopaste.ch/subdomains/pkdev/httpdocs/world/index.php(19): include('/home/httpd/vho...')#4 {main} (/world/includes/index_bottom.php)
[2009-05-12 11:46:40] 0 From /home/httpd/vhosts/nopaste.ch/subdomains/pkdev/httpdocs/world/templates/fight.html around line 0exception 'PHPTAL_VariableNotFoundException' with message 'Unable to find variable 'battleground' in current scope' in /home/httpd/vhosts/nopaste.ch/subdomains/pkdev/httpdocs/world/lib/classes/PHPTAL/Context.php:203Stack trace:#0 /tmp/tpl_1242078480_1_1_16fight_htmlefe461991e2bf9d0bc7a160f13ef3e7c.php(15): PHPTAL_Context->__get('battleground')#1 /home/httpd/vhosts/nopaste.ch/subdomains/pkdev/httpdocs/world/lib/classes/PHPTAL.php(390): tpl_1242078480_1_1_16fight_htmlefe461991e2bf9d0bc7a160f13ef3e7c(Object(PHPTAL), Object(PHPTAL_Context))#2 /home/httpd/vhosts/nopaste.ch/subdomains/pkdev/httpdocs/world/includes/index_bottom.php(11): PHPTAL->execute()#3 /home/httpd/vhosts/nopaste.ch/subdomains/pkdev/httpdocs/world/index.php(19): include('/home/httpd/vho...')#4 {main} (/world/includes/index_bottom.php)
[2009-05-12 11:53:24] 0 From /home/httpd/vhosts/nopaste.ch/subdomains/pkdev/httpdocs/world/templates/fight.html around line 0exception 'PHPTAL_VariableNotFoundException' with message 'Unable to find variable 'battleground' in current scope' in /home/httpd/vhosts/nopaste.ch/subdomains/pkdev/httpdocs/world/lib/classes/PHPTAL/Context.php:203Stack trace:#0 /tmp/tpl_1242078480_1_1_16fight_htmlefe461991e2bf9d0bc7a160f13ef3e7c.php(15): PHPTAL_Context->__get('battleground')#1 /home/httpd/vhosts/nopaste.ch/subdomains/pkdev/httpdocs/world/lib/classes/PHPTAL.php(390): tpl_1242078480_1_1_16fight_htmlefe461991e2bf9d0bc7a160f13ef3e7c(Object(PHPTAL), Object(PHPTAL_Context))#2 /home/httpd/vhosts/nopaste.ch/subdomains/pkdev/httpdocs/world/includes/index_bottom.php(11): PHPTAL->execute()#3 /home/httpd/vhosts/nopaste.ch/subdomains/pkdev/httpdocs/world/index.php(19): include('/home/httpd/vho...')#4 {main} (/world/includes/index_bottom.php)
[2009-05-12 11:54:34] 0 From /home/httpd/vhosts/nopaste.ch/subdomains/pkdev/httpdocs/world/templates/fight.html around line 0exception 'PHPTAL_VariableNotFoundException' with message 'Unable to find variable 'battleground' in current scope' in /home/httpd/vhosts/nopaste.ch/subdomains/pkdev/httpdocs/world/lib/classes/PHPTAL/Context.php:203Stack trace:#0 /tmp/tpl_1242078480_1_1_16fight_htmlefe461991e2bf9d0bc7a160f13ef3e7c.php(15): PHPTAL_Context->__get('battleground')#1 /home/httpd/vhosts/nopaste.ch/subdomains/pkdev/httpdocs/world/lib/classes/PHPTAL.php(390): tpl_1242078480_1_1_16fight_htmlefe461991e2bf9d0bc7a160f13ef3e7c(Object(PHPTAL), Object(PHPTAL_Context))#2 /home/httpd/vhosts/nopaste.ch/subdomains/pkdev/httpdocs/world/includes/index_bottom.php(11): PHPTAL->execute()#3 /home/httpd/vhosts/nopaste.ch/subdomains/pkdev/httpdocs/world/index.php(19): include('/home/httpd/vho...')#4 {main} (/world/includes/index_bottom.php)
[2009-05-12 11:54:49] 0 From /home/httpd/vhosts/nopaste.ch/subdomains/pkdev/httpdocs/world/templates/fight.html around line 0exception 'PHPTAL_VariableNotFoundException' with message 'Unable to find variable 'battleground' in current scope' in /home/httpd/vhosts/nopaste.ch/subdomains/pkdev/httpdocs/world/lib/classes/PHPTAL/Context.php:203Stack trace:#0 /tmp/tpl_1242078480_1_1_16fight_htmlefe461991e2bf9d0bc7a160f13ef3e7c.php(15): PHPTAL_Context->__get('battleground')#1 /home/httpd/vhosts/nopaste.ch/subdomains/pkdev/httpdocs/world/lib/classes/PHPTAL.php(390): tpl_1242078480_1_1_16fight_htmlefe461991e2bf9d0bc7a160f13ef3e7c(Object(PHPTAL), Object(PHPTAL_Context))#2 /home/httpd/vhosts/nopaste.ch/subdomains/pkdev/httpdocs/world/includes/index_bottom.php(11): PHPTAL->execute()#3 /home/httpd/vhosts/nopaste.ch/subdomains/pkdev/httpdocs/world/index.php(19): include('/home/httpd/vho...')#4 {main} (/world/includes/index_bottom.php)
[2009-05-12 11:54:58] 0 From /home/httpd/vhosts/nopaste.ch/subdomains/pkdev/httpdocs/world/templates/fight.html around line 0exception 'PHPTAL_VariableNotFoundException' with message 'Unable to find variable 'battleground' in current scope' in /home/httpd/vhosts/nopaste.ch/subdomains/pkdev/httpdocs/world/lib/classes/PHPTAL/Context.php:203Stack trace:#0 /tmp/tpl_1242078480_1_1_16fight_htmlefe461991e2bf9d0bc7a160f13ef3e7c.php(15): PHPTAL_Context->__get('battleground')#1 /home/httpd/vhosts/nopaste.ch/subdomains/pkdev/httpdocs/world/lib/classes/PHPTAL.php(390): tpl_1242078480_1_1_16fight_htmlefe461991e2bf9d0bc7a160f13ef3e7c(Object(PHPTAL), Object(PHPTAL_Context))#2 /home/httpd/vhosts/nopaste.ch/subdomains/pkdev/httpdocs/world/includes/index_bottom.php(11): PHPTAL->execute()#3 /home/httpd/vhosts/nopaste.ch/subdomains/pkdev/httpdocs/world/index.php(19): include('/home/httpd/vho...')#4 {main} (/world/includes/index_bottom.php)
[2009-05-12 11:55:20] 0 From /home/httpd/vhosts/nopaste.ch/subdomains/pkdev/httpdocs/world/templates/fight.html around line 0exception 'PHPTAL_VariableNotFoundException' with message 'Unable to find variable 'battleground' in current scope' in /home/httpd/vhosts/nopaste.ch/subdomains/pkdev/httpdocs/world/lib/classes/PHPTAL/Context.php:203Stack trace:#0 /tmp/tpl_1242078480_1_1_16fight_htmlefe461991e2bf9d0bc7a160f13ef3e7c.php(15): PHPTAL_Context->__get('battleground')#1 /home/httpd/vhosts/nopaste.ch/subdomains/pkdev/httpdocs/world/lib/classes/PHPTAL.php(390): tpl_1242078480_1_1_16fight_htmlefe461991e2bf9d0bc7a160f13ef3e7c(Object(PHPTAL), Object(PHPTAL_Context))#2 /home/httpd/vhosts/nopaste.ch/subdomains/pkdev/httpdocs/world/includes/index_bottom.php(11): PHPTAL->execute()#3 /home/httpd/vhosts/nopaste.ch/subdomains/pkdev/httpdocs/world/index.php(19): include('/home/httpd/vho...')#4 {main} (/world/includes/index_bottom.php)
[2009-05-12 11:55:20] 0 exception 'PHPTAL_IOException' with message 'Unable to locate template file error.html' in /home/httpd/vhosts/nopaste.ch/subdomains/pkdev/httpdocs/world/lib/classes/PHPTAL.php:772Stack trace:#0 /home/httpd/vhosts/nopaste.ch/subdomains/pkdev/httpdocs/world/lib/classes/PHPTAL.php(520): PHPTAL->findTemplate()#1 /home/httpd/vhosts/nopaste.ch/subdomains/pkdev/httpdocs/world/lib/classes/PHPTAL.php(382): PHPTAL->prepare()#2 /home/httpd/vhosts/nopaste.ch/subdomains/pkdev/httpdocs/world/includes/index_bottom.php(24): PHPTAL->execute()#3 /home/httpd/vhosts/nopaste.ch/subdomains/pkdev/httpdocs/world/index.php(19): include('/home/httpd/vho...')#4 {main} (/world/includes/index_bottom.php)
[2009-05-12 12:02:16] 0 From /home/httpd/vhosts/nopaste.ch/subdomains/pkdev/httpdocs/world/templates/fight.html around line 0exception 'PHPTAL_VariableNotFoundException' with message 'Unable to find variable 'battleground' in current scope' in /home/httpd/vhosts/nopaste.ch/subdomains/pkdev/httpdocs/world/lib/classes/PHPTAL/Context.php:203Stack trace:#0 /tmp/tpl_1242078480_1_1_16fight_htmlefe461991e2bf9d0bc7a160f13ef3e7c.php(15): PHPTAL_Context->__get('battleground')#1 /home/httpd/vhosts/nopaste.ch/subdomains/pkdev/httpdocs/world/lib/classes/PHPTAL.php(390): tpl_1242078480_1_1_16fight_htmlefe461991e2bf9d0bc7a160f13ef3e7c(Object(PHPTAL), Object(PHPTAL_Context))#2 /home/httpd/vhosts/nopaste.ch/subdomains/pkdev/httpdocs/world/includes/index_bottom.php(11): PHPTAL->execute()#3 /home/httpd/vhosts/nopaste.ch/subdomains/pkdev/httpdocs/world/index.php(19): include('/home/httpd/vho...')#4 {main} (/world/includes/index_bottom.php)
[2009-05-12 12:02:25] 0 From /home/httpd/vhosts/nopaste.ch/subdomains/pkdev/httpdocs/world/templates/fight.html around line 0exception 'PHPTAL_VariableNotFoundException' with message 'Unable to find variable 'battleground' in current scope' in /home/httpd/vhosts/nopaste.ch/subdomains/pkdev/httpdocs/world/lib/classes/PHPTAL/Context.php:203Stack trace:#0 /tmp/tpl_1242078480_1_1_16fight_htmlefe461991e2bf9d0bc7a160f13ef3e7c.php(15): PHPTAL_Context->__get('battleground')#1 /home/httpd/vhosts/nopaste.ch/subdomains/pkdev/httpdocs/world/lib/classes/PHPTAL.php(390): tpl_1242078480_1_1_16fight_htmlefe461991e2bf9d0bc7a160f13ef3e7c(Object(PHPTAL), Object(PHPTAL_Context))#2 /home/httpd/vhosts/nopaste.ch/subdomains/pkdev/httpdocs/world/includes/index_bottom.php(11): PHPTAL->execute()#3 /home/httpd/vhosts/nopaste.ch/subdomains/pkdev/httpdocs/world/index.php(19): include('/home/httpd/vho...')#4 {main} (/world/includes/index_bottom.php)
[2009-05-12 12:23:45] 80 1 Karte gewechselt, von 423 nach 445.
[2009-05-12 12:23:47] 80 1 Karte gewechselt, von 445 nach 423.
[2009-05-12 12:23:50] 80 1 Karte gewechselt, von 423 nach 422.
[2009-05-12 12:23:52] 80 1 Karte gewechselt, von 422 nach 423.
[2009-05-12 12:24:51] 4 Kann Userposition nicht ver채ndern: Kein g체ltiger Zugang zum Ziel. (/world/lib/classes/World/World_User.php)
[2009-05-12 12:26:14] 5 Karte verf체gt 체ber keinen Heilspot. (/world/includes/heal.php)
[2009-05-12 12:26:51] 2 Datenbankquery fehlgeschlagen: Unknown column 'wci.name' in 'field list' (SELECT wci.name,wci.item_group,wcig.tradeable,wcig.carryable,wcig.useable,wcig.unique,wci.price,wci.description FROM world_const_item WHERE id=145 ) (/world/lib/classes/DatabaseInterface.php)
[2009-05-12 12:26:51] 2 Datenbankquery fehlgeschlagen: Unknown column 'wci.name' in 'field list' (SELECT wci.name,wci.item_group,wcig.tradeable,wcig.carryable,wcig.useable,wcig.unique,wci.price,wci.description FROM world_const_item WHERE id=146 ) (/world/lib/classes/DatabaseInterface.php)
[2009-05-12 12:26:51] 2 Datenbankquery fehlgeschlagen: Unknown column 'wci.name' in 'field list' (SELECT wci.name,wci.item_group,wcig.tradeable,wcig.carryable,wcig.useable,wcig.unique,wci.price,wci.description FROM world_const_item WHERE id=1465 ) (/world/lib/classes/DatabaseInterface.php)
[2009-05-12 12:26:51] 2 Datenbankquery fehlgeschlagen: Unknown column 'wci.name' in 'field list' (SELECT wci.name,wci.item_group,wcig.tradeable,wcig.carryable,wcig.useable,wcig.unique,wci.price,wci.description FROM world_const_item WHERE id=15 ) (/world/lib/classes/DatabaseInterface.php)
[2009-05-12 12:26:51] 7 Konnte Daten zu Item 145 nicht laden: Query fehlgeschlagen. (/world/lib/classes/World/World_Item.php)
[2009-05-12 12:26:51] 7 Konnte Daten zu Item 146 nicht laden: Query fehlgeschlagen. (/world/lib/classes/World/World_Item.php)
[2009-05-12 12:26:51] 7 Konnte Daten zu Item 1465 nicht laden: Query fehlgeschlagen. (/world/lib/classes/World/World_Item.php)
[2009-05-12 12:26:51] 7 Konnte Daten zu Item 15 nicht laden: Query fehlgeschlagen. (/world/lib/classes/World/World_Item.php)
[2009-05-12 12:26:55] 2 Datenbankquery fehlgeschlagen: Unknown column 'wci.name' in 'field list' (SELECT wci.name,wci.item_group,wcig.tradeable,wcig.carryable,wcig.useable,wcig.unique,wci.price,wci.description FROM world_const_item WHERE id=145 ) (/world/lib/classes/DatabaseInterface.php)
[2009-05-12 12:26:55] 2 Datenbankquery fehlgeschlagen: Unknown column 'wci.name' in 'field list' (SELECT wci.name,wci.item_group,wcig.tradeable,wcig.carryable,wcig.useable,wcig.unique,wci.price,wci.description FROM world_const_item WHERE id=146 ) (/world/lib/classes/DatabaseInterface.php)
[2009-05-12 12:26:55] 2 Datenbankquery fehlgeschlagen: Unknown column 'wci.name' in 'field list' (SELECT wci.name,wci.item_group,wcig.tradeable,wcig.carryable,wcig.useable,wcig.unique,wci.price,wci.description FROM world_const_item WHERE id=1465 ) (/world/lib/classes/DatabaseInterface.php)
[2009-05-12 12:26:55] 2 Datenbankquery fehlgeschlagen: Unknown column 'wci.name' in 'field list' (SELECT wci.name,wci.item_group,wcig.tradeable,wcig.carryable,wcig.useable,wcig.unique,wci.price,wci.description FROM world_const_item WHERE id=15 ) (/world/lib/classes/DatabaseInterface.php)
[2009-05-12 12:26:55] 7 Konnte Daten zu Item 145 nicht laden: Query fehlgeschlagen. (/world/lib/classes/World/World_Item.php)
[2009-05-12 12:26:55] 7 Konnte Daten zu Item 146 nicht laden: Query fehlgeschlagen. (/world/lib/classes/World/World_Item.php)
[2009-05-12 12:26:55] 7 Konnte Daten zu Item 1465 nicht laden: Query fehlgeschlagen. (/world/lib/classes/World/World_Item.php)
[2009-05-12 12:26:55] 7 Konnte Daten zu Item 15 nicht laden: Query fehlgeschlagen. (/world/lib/classes/World/World_Item.php)
[2009-05-12 12:26:58] 2 Datenbankquery fehlgeschlagen: Unknown column 'wci.name' in 'field list' (SELECT wci.name,wci.item_group,wcig.tradeable,wcig.carryable,wcig.useable,wcig.unique,wci.price,wci.description FROM world_const_item WHERE id=145 ) (/world/lib/classes/DatabaseInterface.php)
[2009-05-12 12:26:58] 2 Datenbankquery fehlgeschlagen: Unknown column 'wci.name' in 'field list' (SELECT wci.name,wci.item_group,wcig.tradeable,wcig.carryable,wcig.useable,wcig.unique,wci.price,wci.description FROM world_const_item WHERE id=146 ) (/world/lib/classes/DatabaseInterface.php)
[2009-05-12 12:26:58] 2 Datenbankquery fehlgeschlagen: Unknown column 'wci.name' in 'field list' (SELECT wci.name,wci.item_group,wcig.tradeable,wcig.carryable,wcig.useable,wcig.unique,wci.price,wci.description FROM world_const_item WHERE id=1465 ) (/world/lib/classes/DatabaseInterface.php)
[2009-05-12 12:26:58] 2 Datenbankquery fehlgeschlagen: Unknown column 'wci.name' in 'field list' (SELECT wci.name,wci.item_group,wcig.tradeable,wcig.carryable,wcig.useable,wcig.unique,wci.price,wci.description FROM world_const_item WHERE id=15 ) (/world/lib/classes/DatabaseInterface.php)
[2009-05-12 12:26:58] 7 Konnte Daten zu Item 145 nicht laden: Query fehlgeschlagen. (/world/lib/classes/World/World_Item.php)
[2009-05-12 12:26:58] 7 Konnte Daten zu Item 146 nicht laden: Query fehlgeschlagen. (/world/lib/classes/World/World_Item.php)
[2009-05-12 12:26:58] 7 Konnte Daten zu Item 1465 nicht laden: Query fehlgeschlagen. (/world/lib/classes/World/World_Item.php)
[2009-05-12 12:26:58] 7 Konnte Daten zu Item 15 nicht laden: Query fehlgeschlagen. (/world/lib/classes/World/World_Item.php)
[2009-05-12 12:27:16] 2 Datenbankquery fehlgeschlagen: Unknown column 'wci.name' in 'field list' (SELECT wci.name,wci.item_group,wcig.tradeable,wcig.carryable,wcig.useable,wcig.unique,wci.price,wci.description FROM world_const_item WHERE id=145 ) (/world/lib/classes/DatabaseInterface.php)
[2009-05-12 12:27:16] 2 Datenbankquery fehlgeschlagen: Unknown column 'wci.name' in 'field list' (SELECT wci.name,wci.item_group,wcig.tradeable,wcig.carryable,wcig.useable,wcig.unique,wci.price,wci.description FROM world_const_item WHERE id=146 ) (/world/lib/classes/DatabaseInterface.php)
[2009-05-12 12:27:16] 2 Datenbankquery fehlgeschlagen: Unknown column 'wci.name' in 'field list' (SELECT wci.name,wci.item_group,wcig.tradeable,wcig.carryable,wcig.useable,wcig.unique,wci.price,wci.description FROM world_const_item WHERE id=1465 ) (/world/lib/classes/DatabaseInterface.php)
[2009-05-12 12:27:16] 2 Datenbankquery fehlgeschlagen: Unknown column 'wci.name' in 'field list' (SELECT wci.name,wci.item_group,wcig.tradeable,wcig.carryable,wcig.useable,wcig.unique,wci.price,wci.description FROM world_const_item WHERE id=15 ) (/world/lib/classes/DatabaseInterface.php)
[2009-05-12 12:27:16] 7 Konnte Daten zu Item 145 nicht laden: Query fehlgeschlagen. (/world/lib/classes/World/World_Item.php)
[2009-05-12 12:27:16] 7 Konnte Daten zu Item 146 nicht laden: Query fehlgeschlagen. (/world/lib/classes/World/World_Item.php)
[2009-05-12 12:27:16] 7 Konnte Daten zu Item 1465 nicht laden: Query fehlgeschlagen. (/world/lib/classes/World/World_Item.php)
[2009-05-12 12:27:16] 7 Konnte Daten zu Item 15 nicht laden: Query fehlgeschlagen. (/world/lib/classes/World/World_Item.php)
[2009-05-12 12:27:23] 2 Datenbankquery fehlgeschlagen: Unknown column 'wci.name' in 'field list' (SELECT wci.name,wci.item_group,wcig.tradeable,wcig.carryable,wcig.useable,wcig.unique,wci.price,wci.description FROM world_const_item WHERE id=145 ) (/world/lib/classes/DatabaseInterface.php)
[2009-05-12 12:27:23] 2 Datenbankquery fehlgeschlagen: Unknown column 'wci.name' in 'field list' (SELECT wci.name,wci.item_group,wcig.tradeable,wcig.carryable,wcig.useable,wcig.unique,wci.price,wci.description FROM world_const_item WHERE id=146 ) (/world/lib/classes/DatabaseInterface.php)
[2009-05-12 12:27:23] 2 Datenbankquery fehlgeschlagen: Unknown column 'wci.name' in 'field list' (SELECT wci.name,wci.item_group,wcig.tradeable,wcig.carryable,wcig.useable,wcig.unique,wci.price,wci.description FROM world_const_item WHERE id=1465 ) (/world/lib/classes/DatabaseInterface.php)
[2009-05-12 12:27:23] 2 Datenbankquery fehlgeschlagen: Unknown column 'wci.name' in 'field list' (SELECT wci.name,wci.item_group,wcig.tradeable,wcig.carryable,wcig.useable,wcig.unique,wci.price,wci.description FROM world_const_item WHERE id=15 ) (/world/lib/classes/DatabaseInterface.php)
[2009-05-12 12:27:23] 7 Konnte Daten zu Item 145 nicht laden: Query fehlgeschlagen. (/world/lib/classes/World/World_Item.php)
[2009-05-12 12:27:23] 7 Konnte Daten zu Item 146 nicht laden: Query fehlgeschlagen. (/world/lib/classes/World/World_Item.php)
[2009-05-12 12:27:23] 7 Konnte Daten zu Item 1465 nicht laden: Query fehlgeschlagen. (/world/lib/classes/World/World_Item.php)
[2009-05-12 12:27:23] 7 Konnte Daten zu Item 15 nicht laden: Query fehlgeschlagen. (/world/lib/classes/World/World_Item.php)
[2009-05-12 12:31:03] 2 Datenbankquery fehlgeschlagen: Unknown column 'wci.name' in 'field list' (SELECT wci.name,wci.item_group,wcig.tradeable,wcig.carryable,wcig.useable,wcig.unique,wci.price,wci.description FROM world_const_item WHERE id=145 ) (/world/lib/classes/DatabaseInterface.php)
[2009-05-12 12:31:03] 2 Datenbankquery fehlgeschlagen: Unknown column 'wci.name' in 'field list' (SELECT wci.name,wci.item_group,wcig.tradeable,wcig.carryable,wcig.useable,wcig.unique,wci.price,wci.description FROM world_const_item WHERE id=146 ) (/world/lib/classes/DatabaseInterface.php)
[2009-05-12 12:31:03] 2 Datenbankquery fehlgeschlagen: Unknown column 'wci.name' in 'field list' (SELECT wci.name,wci.item_group,wcig.tradeable,wcig.carryable,wcig.useable,wcig.unique,wci.price,wci.description FROM world_const_item WHERE id=1465 ) (/world/lib/classes/DatabaseInterface.php)
[2009-05-12 12:31:03] 2 Datenbankquery fehlgeschlagen: Unknown column 'wci.name' in 'field list' (SELECT wci.name,wci.item_group,wcig.tradeable,wcig.carryable,wcig.useable,wcig.unique,wci.price,wci.description FROM world_const_item WHERE id=15 ) (/world/lib/classes/DatabaseInterface.php)
[2009-05-12 12:31:03] 7 Konnte Daten zu Item 145 nicht laden: Query fehlgeschlagen. (/world/lib/classes/World/World_Item.php)
[2009-05-12 12:31:03] 7 Konnte Daten zu Item 146 nicht laden: Query fehlgeschlagen. (/world/lib/classes/World/World_Item.php)
[2009-05-12 12:31:03] 7 Konnte Daten zu Item 1465 nicht laden: Query fehlgeschlagen. (/world/lib/classes/World/World_Item.php)
[2009-05-12 12:31:03] 7 Konnte Daten zu Item 15 nicht laden: Query fehlgeschlagen. (/world/lib/classes/World/World_Item.php)
[2009-05-12 12:31:05] 2 Datenbankquery fehlgeschlagen: Unknown column 'wci.name' in 'field list' (SELECT wci.name,wci.item_group,wcig.tradeable,wcig.carryable,wcig.useable,wcig.unique,wci.price,wci.description FROM world_const_item WHERE id=145 ) (/world/lib/classes/DatabaseInterface.php)
[2009-05-12 12:31:05] 2 Datenbankquery fehlgeschlagen: Unknown column 'wci.name' in 'field list' (SELECT wci.name,wci.item_group,wcig.tradeable,wcig.carryable,wcig.useable,wcig.unique,wci.price,wci.description FROM world_const_item WHERE id=146 ) (/world/lib/classes/DatabaseInterface.php)
[2009-05-12 12:31:05] 2 Datenbankquery fehlgeschlagen: Unknown column 'wci.name' in 'field list' (SELECT wci.name,wci.item_group,wcig.tradeable,wcig.carryable,wcig.useable,wcig.unique,wci.price,wci.description FROM world_const_item WHERE id=1465 ) (/world/lib/classes/DatabaseInterface.php)
[2009-05-12 12:31:05] 2 Datenbankquery fehlgeschlagen: Unknown column 'wci.name' in 'field list' (SELECT wci.name,wci.item_group,wcig.tradeable,wcig.carryable,wcig.useable,wcig.unique,wci.price,wci.description FROM world_const_item WHERE id=15 ) (/world/lib/classes/DatabaseInterface.php)
[2009-05-12 12:31:05] 7 Konnte Daten zu Item 145 nicht laden: Query fehlgeschlagen. (/world/lib/classes/World/World_Item.php)
[2009-05-12 12:31:05] 7 Konnte Daten zu Item 146 nicht laden: Query fehlgeschlagen. (/world/lib/classes/World/World_Item.php)
[2009-05-12 12:31:05] 7 Konnte Daten zu Item 1465 nicht laden: Query fehlgeschlagen. (/world/lib/classes/World/World_Item.php)
[2009-05-12 12:31:05] 7 Konnte Daten zu Item 15 nicht laden: Query fehlgeschlagen. (/world/lib/classes/World/World_Item.php)
[2009-05-12 12:31:06] 2 Datenbankquery fehlgeschlagen: Unknown column 'wci.name' in 'field list' (SELECT wci.name,wci.item_group,wcig.tradeable,wcig.carryable,wcig.useable,wcig.unique,wci.price,wci.description FROM world_const_item WHERE id=145 ) (/world/lib/classes/DatabaseInterface.php)
[2009-05-12 12:31:06] 2 Datenbankquery fehlgeschlagen: Unknown column 'wci.name' in 'field list' (SELECT wci.name,wci.item_group,wcig.tradeable,wcig.carryable,wcig.useable,wcig.unique,wci.price,wci.description FROM world_const_item WHERE id=146 ) (/world/lib/classes/DatabaseInterface.php)
[2009-05-12 12:31:06] 2 Datenbankquery fehlgeschlagen: Unknown column 'wci.name' in 'field list' (SELECT wci.name,wci.item_group,wcig.tradeable,wcig.carryable,wcig.useable,wcig.unique,wci.price,wci.description FROM world_const_item WHERE id=1465 ) (/world/lib/classes/DatabaseInterface.php)
[2009-05-12 12:31:06] 2 Datenbankquery fehlgeschlagen: Unknown column 'wci.name' in 'field list' (SELECT wci.name,wci.item_group,wcig.tradeable,wcig.carryable,wcig.useable,wcig.unique,wci.price,wci.description FROM world_const_item WHERE id=15 ) (/world/lib/classes/DatabaseInterface.php)
[2009-05-12 12:31:06] 7 Konnte Daten zu Item 145 nicht laden: Query fehlgeschlagen. (/world/lib/classes/World/World_Item.php)
[2009-05-12 12:31:06] 7 Konnte Daten zu Item 146 nicht laden: Query fehlgeschlagen. (/world/lib/classes/World/World_Item.php)
[2009-05-12 12:31:06] 7 Konnte Daten zu Item 1465 nicht laden: Query fehlgeschlagen. (/world/lib/classes/World/World_Item.php)
[2009-05-12 12:31:06] 7 Konnte Daten zu Item 15 nicht laden: Query fehlgeschlagen. (/world/lib/classes/World/World_Item.php)
[2009-05-12 12:31:07] 2 Datenbankquery fehlgeschlagen: Unknown column 'wci.name' in 'field list' (SELECT wci.name,wci.item_group,wcig.tradeable,wcig.carryable,wcig.useable,wcig.unique,wci.price,wci.description FROM world_const_item WHERE id=145 ) (/world/lib/classes/DatabaseInterface.php)
[2009-05-12 12:31:07] 2 Datenbankquery fehlgeschlagen: Unknown column 'wci.name' in 'field list' (SELECT wci.name,wci.item_group,wcig.tradeable,wcig.carryable,wcig.useable,wcig.unique,wci.price,wci.description FROM world_const_item WHERE id=146 ) (/world/lib/classes/DatabaseInterface.php)
[2009-05-12 12:31:07] 2 Datenbankquery fehlgeschlagen: Unknown column 'wci.name' in 'field list' (SELECT wci.name,wci.item_group,wcig.tradeable,wcig.carryable,wcig.useable,wcig.unique,wci.price,wci.description FROM world_const_item WHERE id=1465 ) (/world/lib/classes/DatabaseInterface.php)
[2009-05-12 12:31:07] 2 Datenbankquery fehlgeschlagen: Unknown column 'wci.name' in 'field list' (SELECT wci.name,wci.item_group,wcig.tradeable,wcig.carryable,wcig.useable,wcig.unique,wci.price,wci.description FROM world_const_item WHERE id=15 ) (/world/lib/classes/DatabaseInterface.php)
[2009-05-12 12:31:07] 7 Konnte Daten zu Item 145 nicht laden: Query fehlgeschlagen. (/world/lib/classes/World/World_Item.php)
[2009-05-12 12:31:07] 7 Konnte Daten zu Item 146 nicht laden: Query fehlgeschlagen. (/world/lib/classes/World/World_Item.php)
[2009-05-12 12:31:07] 7 Konnte Daten zu Item 1465 nicht laden: Query fehlgeschlagen. (/world/lib/classes/World/World_Item.php)
[2009-05-12 12:31:07] 7 Konnte Daten zu Item 15 nicht laden: Query fehlgeschlagen. (/world/lib/classes/World/World_Item.php)
[2009-05-12 12:31:08] 2 Datenbankquery fehlgeschlagen: Unknown column 'wci.name' in 'field list' (SELECT wci.name,wci.item_group,wcig.tradeable,wcig.carryable,wcig.useable,wcig.unique,wci.price,wci.description FROM world_const_item WHERE id=145 ) (/world/lib/classes/DatabaseInterface.php)
[2009-05-12 12:31:08] 2 Datenbankquery fehlgeschlagen: Unknown column 'wci.name' in 'field list' (SELECT wci.name,wci.item_group,wcig.tradeable,wcig.carryable,wcig.useable,wcig.unique,wci.price,wci.description FROM world_const_item WHERE id=146 ) (/world/lib/classes/DatabaseInterface.php)
[2009-05-12 12:31:08] 2 Datenbankquery fehlgeschlagen: Unknown column 'wci.name' in 'field list' (SELECT wci.name,wci.item_group,wcig.tradeable,wcig.carryable,wcig.useable,wcig.unique,wci.price,wci.description FROM world_const_item WHERE id=1465 ) (/world/lib/classes/DatabaseInterface.php)
[2009-05-12 12:31:08] 2 Datenbankquery fehlgeschlagen: Unknown column 'wci.name' in 'field list' (SELECT wci.name,wci.item_group,wcig.tradeable,wcig.carryable,wcig.useable,wcig.unique,wci.price,wci.description FROM world_const_item WHERE id=15 ) (/world/lib/classes/DatabaseInterface.php)
[2009-05-12 12:31:08] 7 Konnte Daten zu Item 145 nicht laden: Query fehlgeschlagen. (/world/lib/classes/World/World_Item.php)
[2009-05-12 12:31:08] 7 Konnte Daten zu Item 146 nicht laden: Query fehlgeschlagen. (/world/lib/classes/World/World_Item.php)
[2009-05-12 12:31:08] 7 Konnte Daten zu Item 1465 nicht laden: Query fehlgeschlagen. (/world/lib/classes/World/World_Item.php)
[2009-05-12 12:31:08] 7 Konnte Daten zu Item 15 nicht laden: Query fehlgeschlagen. (/world/lib/classes/World/World_Item.php)
[2009-05-12 12:31:08] 2 Datenbankquery fehlgeschlagen: Unknown column 'wci.name' in 'field list' (SELECT wci.name,wci.item_group,wcig.tradeable,wcig.carryable,wcig.useable,wcig.unique,wci.price,wci.description FROM world_const_item WHERE id=145 ) (/world/lib/classes/DatabaseInterface.php)
[2009-05-12 12:31:08] 2 Datenbankquery fehlgeschlagen: Unknown column 'wci.name' in 'field list' (SELECT wci.name,wci.item_group,wcig.tradeable,wcig.carryable,wcig.useable,wcig.unique,wci.price,wci.description FROM world_const_item WHERE id=146 ) (/world/lib/classes/DatabaseInterface.php)
[2009-05-12 12:31:08] 2 Datenbankquery fehlgeschlagen: Unknown column 'wci.name' in 'field list' (SELECT wci.name,wci.item_group,wcig.tradeable,wcig.carryable,wcig.useable,wcig.unique,wci.price,wci.description FROM world_const_item WHERE id=1465 ) (/world/lib/classes/DatabaseInterface.php)
[2009-05-12 12:31:08] 2 Datenbankquery fehlgeschlagen: Unknown column 'wci.name' in 'field list' (SELECT wci.name,wci.item_group,wcig.tradeable,wcig.carryable,wcig.useable,wcig.unique,wci.price,wci.description FROM world_const_item WHERE id=15 ) (/world/lib/classes/DatabaseInterface.php)
[2009-05-12 12:31:08] 7 Konnte Daten zu Item 145 nicht laden: Query fehlgeschlagen. (/world/lib/classes/World/World_Item.php)
[2009-05-12 12:31:08] 7 Konnte Daten zu Item 146 nicht laden: Query fehlgeschlagen. (/world/lib/classes/World/World_Item.php)
[2009-05-12 12:31:08] 7 Konnte Daten zu Item 1465 nicht laden: Query fehlgeschlagen. (/world/lib/classes/World/World_Item.php)
[2009-05-12 12:31:08] 7 Konnte Daten zu Item 15 nicht laden: Query fehlgeschlagen. (/world/lib/classes/World/World_Item.php)
[2009-05-12 12:31:10] 2 Datenbankquery fehlgeschlagen: Unknown column 'wci.name' in 'field list' (SELECT wci.name,wci.item_group,wcig.tradeable,wcig.carryable,wcig.useable,wcig.unique,wci.price,wci.description FROM world_const_item WHERE id=145 ) (/world/lib/classes/DatabaseInterface.php)
[2009-05-12 12:31:10] 2 Datenbankquery fehlgeschlagen: Unknown column 'wci.name' in 'field list' (SELECT wci.name,wci.item_group,wcig.tradeable,wcig.carryable,wcig.useable,wcig.unique,wci.price,wci.description FROM world_const_item WHERE id=146 ) (/world/lib/classes/DatabaseInterface.php)
[2009-05-12 12:31:10] 2 Datenbankquery fehlgeschlagen: Unknown column 'wci.name' in 'field list' (SELECT wci.name,wci.item_group,wcig.tradeable,wcig.carryable,wcig.useable,wcig.unique,wci.price,wci.description FROM world_const_item WHERE id=1465 ) (/world/lib/classes/DatabaseInterface.php)
[2009-05-12 12:31:10] 2 Datenbankquery fehlgeschlagen: Unknown column 'wci.name' in 'field list' (SELECT wci.name,wci.item_group,wcig.tradeable,wcig.carryable,wcig.useable,wcig.unique,wci.price,wci.description FROM world_const_item WHERE id=15 ) (/world/lib/classes/DatabaseInterface.php)
[2009-05-12 12:31:10] 7 Konnte Daten zu Item 145 nicht laden: Query fehlgeschlagen. (/world/lib/classes/World/World_Item.php)
[2009-05-12 12:31:10] 7 Konnte Daten zu Item 146 nicht laden: Query fehlgeschlagen. (/world/lib/classes/World/World_Item.php)
[2009-05-12 12:31:10] 7 Konnte Daten zu Item 1465 nicht laden: Query fehlgeschlagen. (/world/lib/classes/World/World_Item.php)
[2009-05-12 12:31:10] 7 Konnte Daten zu Item 15 nicht laden: Query fehlgeschlagen. (/world/lib/classes/World/World_Item.php)
[2009-05-12 12:31:11] 2 Datenbankquery fehlgeschlagen: Unknown column 'wci.name' in 'field list' (SELECT wci.name,wci.item_group,wcig.tradeable,wcig.carryable,wcig.useable,wcig.unique,wci.price,wci.description FROM world_const_item WHERE id=145 ) (/world/lib/classes/DatabaseInterface.php)
[2009-05-12 12:31:11] 2 Datenbankquery fehlgeschlagen: Unknown column 'wci.name' in 'field list' (SELECT wci.name,wci.item_group,wcig.tradeable,wcig.carryable,wcig.useable,wcig.unique,wci.price,wci.description FROM world_const_item WHERE id=146 ) (/world/lib/classes/DatabaseInterface.php)
[2009-05-12 12:31:11] 2 Datenbankquery fehlgeschlagen: Unknown column 'wci.name' in 'field list' (SELECT wci.name,wci.item_group,wcig.tradeable,wcig.carryable,wcig.useable,wcig.unique,wci.price,wci.description FROM world_const_item WHERE id=1465 ) (/world/lib/classes/DatabaseInterface.php)
[2009-05-12 12:31:11] 2 Datenbankquery fehlgeschlagen: Unknown column 'wci.name' in 'field list' (SELECT wci.name,wci.item_group,wcig.tradeable,wcig.carryable,wcig.useable,wcig.unique,wci.price,wci.description FROM world_const_item WHERE id=15 ) (/world/lib/classes/DatabaseInterface.php)
[2009-05-12 12:31:11] 7 Konnte Daten zu Item 145 nicht laden: Query fehlgeschlagen. (/world/lib/classes/World/World_Item.php)
[2009-05-12 12:31:11] 7 Konnte Daten zu Item 146 nicht laden: Query fehlgeschlagen. (/world/lib/classes/World/World_Item.php)
[2009-05-12 12:31:11] 7 Konnte Daten zu Item 1465 nicht laden: Query fehlgeschlagen. (/world/lib/classes/World/World_Item.php)
[2009-05-12 12:31:11] 7 Konnte Daten zu Item 15 nicht laden: Query fehlgeschlagen. (/world/lib/classes/World/World_Item.php)
[2009-05-12 12:31:15] 2 Datenbankquery fehlgeschlagen: Unknown column 'wci.name' in 'field list' (SELECT wci.name,wci.item_group,wcig.tradeable,wcig.carryable,wcig.useable,wcig.unique,wci.price,wci.description FROM world_const_item WHERE id=145 ) (/world/lib/classes/DatabaseInterface.php)
[2009-05-12 12:31:15] 2 Datenbankquery fehlgeschlagen: Unknown column 'wci.name' in 'field list' (SELECT wci.name,wci.item_group,wcig.tradeable,wcig.carryable,wcig.useable,wcig.unique,wci.price,wci.description FROM world_const_item WHERE id=146 ) (/world/lib/classes/DatabaseInterface.php)
[2009-05-12 12:31:15] 2 Datenbankquery fehlgeschlagen: Unknown column 'wci.name' in 'field list' (SELECT wci.name,wci.item_group,wcig.tradeable,wcig.carryable,wcig.useable,wcig.unique,wci.price,wci.description FROM world_const_item WHERE id=1465 ) (/world/lib/classes/DatabaseInterface.php)
[2009-05-12 12:31:15] 2 Datenbankquery fehlgeschlagen: Unknown column 'wci.name' in 'field list' (SELECT wci.name,wci.item_group,wcig.tradeable,wcig.carryable,wcig.useable,wcig.unique,wci.price,wci.description FROM world_const_item WHERE id=15 ) (/world/lib/classes/DatabaseInterface.php)
[2009-05-12 12:31:15] 7 Konnte Daten zu Item 145 nicht laden: Query fehlgeschlagen. (/world/lib/classes/World/World_Item.php)
[2009-05-12 12:31:15] 7 Konnte Daten zu Item 146 nicht laden: Query fehlgeschlagen. (/world/lib/classes/World/World_Item.php)
[2009-05-12 12:31:15] 7 Konnte Daten zu Item 1465 nicht laden: Query fehlgeschlagen. (/world/lib/classes/World/World_Item.php)
[2009-05-12 12:31:15] 7 Konnte Daten zu Item 15 nicht laden: Query fehlgeschlagen. (/world/lib/classes/World/World_Item.php)
[2009-05-12 12:31:16] 2 Datenbankquery fehlgeschlagen: Unknown column 'wci.name' in 'field list' (SELECT wci.name,wci.item_group,wcig.tradeable,wcig.carryable,wcig.useable,wcig.unique,wci.price,wci.description FROM world_const_item WHERE id=145 ) (/world/lib/classes/DatabaseInterface.php)
[2009-05-12 12:31:16] 2 Datenbankquery fehlgeschlagen: Unknown column 'wci.name' in 'field list' (SELECT wci.name,wci.item_group,wcig.tradeable,wcig.carryable,wcig.useable,wcig.unique,wci.price,wci.description FROM world_const_item WHERE id=146 ) (/world/lib/classes/DatabaseInterface.php)
[2009-05-12 12:31:16] 2 Datenbankquery fehlgeschlagen: Unknown column 'wci.name' in 'field list' (SELECT wci.name,wci.item_group,wcig.tradeable,wcig.carryable,wcig.useable,wcig.unique,wci.price,wci.description FROM world_const_item WHERE id=1465 ) (/world/lib/classes/DatabaseInterface.php)
[2009-05-12 12:31:16] 2 Datenbankquery fehlgeschlagen: Unknown column 'wci.name' in 'field list' (SELECT wci.name,wci.item_group,wcig.tradeable,wcig.carryable,wcig.useable,wcig.unique,wci.price,wci.description FROM world_const_item WHERE id=15 ) (/world/lib/classes/DatabaseInterface.php)
[2009-05-12 12:31:16] 7 Konnte Daten zu Item 145 nicht laden: Query fehlgeschlagen. (/world/lib/classes/World/World_Item.php)
[2009-05-12 12:31:16] 7 Konnte Daten zu Item 146 nicht laden: Query fehlgeschlagen. (/world/lib/classes/World/World_Item.php)
[2009-05-12 12:31:16] 7 Konnte Daten zu Item 1465 nicht laden: Query fehlgeschlagen. (/world/lib/classes/World/World_Item.php)
[2009-05-12 12:31:16] 7 Konnte Daten zu Item 15 nicht laden: Query fehlgeschlagen. (/world/lib/classes/World/World_Item.php)
[2009-05-12 12:31:18] 2 Datenbankquery fehlgeschlagen: Unknown column 'wci.name' in 'field list' (SELECT wci.name,wci.item_group,wcig.tradeable,wcig.carryable,wcig.useable,wcig.unique,wci.price,wci.description FROM world_const_item WHERE id=145 ) (/world/lib/classes/DatabaseInterface.php)
[2009-05-12 12:31:18] 2 Datenbankquery fehlgeschlagen: Unknown column 'wci.name' in 'field list' (SELECT wci.name,wci.item_group,wcig.tradeable,wcig.carryable,wcig.useable,wcig.unique,wci.price,wci.description FROM world_const_item WHERE id=146 ) (/world/lib/classes/DatabaseInterface.php)
[2009-05-12 12:31:18] 2 Datenbankquery fehlgeschlagen: Unknown column 'wci.name' in 'field list' (SELECT wci.name,wci.item_group,wcig.tradeable,wcig.carryable,wcig.useable,wcig.unique,wci.price,wci.description FROM world_const_item WHERE id=1465 ) (/world/lib/classes/DatabaseInterface.php)
[2009-05-12 12:31:18] 2 Datenbankquery fehlgeschlagen: Unknown column 'wci.name' in 'field list' (SELECT wci.name,wci.item_group,wcig.tradeable,wcig.carryable,wcig.useable,wcig.unique,wci.price,wci.description FROM world_const_item WHERE id=15 ) (/world/lib/classes/DatabaseInterface.php)
[2009-05-12 12:31:18] 7 Konnte Daten zu Item 145 nicht laden: Query fehlgeschlagen. (/world/lib/classes/World/World_Item.php)
[2009-05-12 12:31:18] 7 Konnte Daten zu Item 146 nicht laden: Query fehlgeschlagen. (/world/lib/classes/World/World_Item.php)
[2009-05-12 12:31:18] 7 Konnte Daten zu Item 1465 nicht laden: Query fehlgeschlagen. (/world/lib/classes/World/World_Item.php)
[2009-05-12 12:31:18] 7 Konnte Daten zu Item 15 nicht laden: Query fehlgeschlagen. (/world/lib/classes/World/World_Item.php)
[2009-05-12 12:34:02] 2 Datenbankquery fehlgeschlagen: Unknown column 'wci.name' in 'field list' (SELECT wci.name,wci.item_group,wcig.tradeable,wcig.carryable,wcig.useable,wcig.unique,wci.price,wci.description FROM world_const_item WHERE id=145 ) (/world/lib/classes/DatabaseInterface.php)
[2009-05-12 12:34:02] 2 Datenbankquery fehlgeschlagen: Unknown column 'wci.name' in 'field list' (SELECT wci.name,wci.item_group,wcig.tradeable,wcig.carryable,wcig.useable,wcig.unique,wci.price,wci.description FROM world_const_item WHERE id=146 ) (/world/lib/classes/DatabaseInterface.php)
[2009-05-12 12:34:02] 2 Datenbankquery fehlgeschlagen: Unknown column 'wci.name' in 'field list' (SELECT wci.name,wci.item_group,wcig.tradeable,wcig.carryable,wcig.useable,wcig.unique,wci.price,wci.description FROM world_const_item WHERE id=1465 ) (/world/lib/classes/DatabaseInterface.php)
[2009-05-12 12:34:02] 2 Datenbankquery fehlgeschlagen: Unknown column 'wci.name' in 'field list' (SELECT wci.name,wci.item_group,wcig.tradeable,wcig.carryable,wcig.useable,wcig.unique,wci.price,wci.description FROM world_const_item WHERE id=15 ) (/world/lib/classes/DatabaseInterface.php)
[2009-05-12 12:34:02] 7 Konnte Daten zu Item 145 nicht laden: Query fehlgeschlagen. (/world/lib/classes/World/World_Item.php)
[2009-05-12 12:34:02] 7 Konnte Daten zu Item 146 nicht laden: Query fehlgeschlagen. (/world/lib/classes/World/World_Item.php)
[2009-05-12 12:34:02] 7 Konnte Daten zu Item 1465 nicht laden: Query fehlgeschlagen. (/world/lib/classes/World/World_Item.php)
[2009-05-12 12:34:02] 7 Konnte Daten zu Item 15 nicht laden: Query fehlgeschlagen. (/world/lib/classes/World/World_Item.php)
[2009-05-12 12:34:03] 2 Datenbankquery fehlgeschlagen: Unknown column 'wci.name' in 'field list' (SELECT wci.name,wci.item_group,wcig.tradeable,wcig.carryable,wcig.useable,wcig.unique,wci.price,wci.description FROM world_const_item WHERE id=145 ) (/world/lib/classes/DatabaseInterface.php)
[2009-05-12 12:34:03] 2 Datenbankquery fehlgeschlagen: Unknown column 'wci.name' in 'field list' (SELECT wci.name,wci.item_group,wcig.tradeable,wcig.carryable,wcig.useable,wcig.unique,wci.price,wci.description FROM world_const_item WHERE id=146 ) (/world/lib/classes/DatabaseInterface.php)
[2009-05-12 12:34:03] 2 Datenbankquery fehlgeschlagen: Unknown column 'wci.name' in 'field list' (SELECT wci.name,wci.item_group,wcig.tradeable,wcig.carryable,wcig.useable,wcig.unique,wci.price,wci.description FROM world_const_item WHERE id=1465 ) (/world/lib/classes/DatabaseInterface.php)
[2009-05-12 12:34:03] 2 Datenbankquery fehlgeschlagen: Unknown column 'wci.name' in 'field list' (SELECT wci.name,wci.item_group,wcig.tradeable,wcig.carryable,wcig.useable,wcig.unique,wci.price,wci.description FROM world_const_item WHERE id=15 ) (/world/lib/classes/DatabaseInterface.php)
[2009-05-12 12:34:03] 7 Konnte Daten zu Item 145 nicht laden: Query fehlgeschlagen. (/world/lib/classes/World/World_Item.php)
[2009-05-12 12:34:03] 7 Konnte Daten zu Item 146 nicht laden: Query fehlgeschlagen. (/world/lib/classes/World/World_Item.php)
[2009-05-12 12:34:03] 7 Konnte Daten zu Item 1465 nicht laden: Query fehlgeschlagen. (/world/lib/classes/World/World_Item.php)
[2009-05-12 12:34:03] 7 Konnte Daten zu Item 15 nicht laden: Query fehlgeschlagen. (/world/lib/classes/World/World_Item.php)
[2009-05-12 12:34:04] 2 Datenbankquery fehlgeschlagen: Unknown column 'wci.name' in 'field list' (SELECT wci.name,wci.item_group,wcig.tradeable,wcig.carryable,wcig.useable,wcig.unique,wci.price,wci.description FROM world_const_item WHERE id=145 ) (/world/lib/classes/DatabaseInterface.php)
[2009-05-12 12:34:04] 2 Datenbankquery fehlgeschlagen: Unknown column 'wci.name' in 'field list' (SELECT wci.name,wci.item_group,wcig.tradeable,wcig.carryable,wcig.useable,wcig.unique,wci.price,wci.description FROM world_const_item WHERE id=146 ) (/world/lib/classes/DatabaseInterface.php)
[2009-05-12 12:34:04] 2 Datenbankquery fehlgeschlagen: Unknown column 'wci.name' in 'field list' (SELECT wci.name,wci.item_group,wcig.tradeable,wcig.carryable,wcig.useable,wcig.unique,wci.price,wci.description FROM world_const_item WHERE id=1465 ) (/world/lib/classes/DatabaseInterface.php)
[2009-05-12 12:34:04] 2 Datenbankquery fehlgeschlagen: Unknown column 'wci.name' in 'field list' (SELECT wci.name,wci.item_group,wcig.tradeable,wcig.carryable,wcig.useable,wcig.unique,wci.price,wci.description FROM world_const_item WHERE id=15 ) (/world/lib/classes/DatabaseInterface.php)
[2009-05-12 12:34:04] 7 Konnte Daten zu Item 145 nicht laden: Query fehlgeschlagen. (/world/lib/classes/World/World_Item.php)
[2009-05-12 12:34:04] 7 Konnte Daten zu Item 146 nicht laden: Query fehlgeschlagen. (/world/lib/classes/World/World_Item.php)
[2009-05-12 12:34:04] 7 Konnte Daten zu Item 1465 nicht laden: Query fehlgeschlagen. (/world/lib/classes/World/World_Item.php)
[2009-05-12 12:34:04] 7 Konnte Daten zu Item 15 nicht laden: Query fehlgeschlagen. (/world/lib/classes/World/World_Item.php)
[2009-05-12 12:34:05] 2 Datenbankquery fehlgeschlagen: Unknown column 'wci.name' in 'field list' (SELECT wci.name,wci.item_group,wcig.tradeable,wcig.carryable,wcig.useable,wcig.unique,wci.price,wci.description FROM world_const_item WHERE id=145 ) (/world/lib/classes/DatabaseInterface.php)
[2009-05-12 12:34:05] 2 Datenbankquery fehlgeschlagen: Unknown column 'wci.name' in 'field list' (SELECT wci.name,wci.item_group,wcig.tradeable,wcig.carryable,wcig.useable,wcig.unique,wci.price,wci.description FROM world_const_item WHERE id=146 ) (/world/lib/classes/DatabaseInterface.php)
[2009-05-12 12:34:05] 2 Datenbankquery fehlgeschlagen: Unknown column 'wci.name' in 'field list' (SELECT wci.name,wci.item_group,wcig.tradeable,wcig.carryable,wcig.useable,wcig.unique,wci.price,wci.description FROM world_const_item WHERE id=1465 ) (/world/lib/classes/DatabaseInterface.php)
[2009-05-12 12:34:05] 2 Datenbankquery fehlgeschlagen: Unknown column 'wci.name' in 'field list' (SELECT wci.name,wci.item_group,wcig.tradeable,wcig.carryable,wcig.useable,wcig.unique,wci.price,wci.description FROM world_const_item WHERE id=15 ) (/world/lib/classes/DatabaseInterface.php)
[2009-05-12 12:34:05] 7 Konnte Daten zu Item 145 nicht laden: Query fehlgeschlagen. (/world/lib/classes/World/World_Item.php)
[2009-05-12 12:34:05] 7 Konnte Daten zu Item 146 nicht laden: Query fehlgeschlagen. (/world/lib/classes/World/World_Item.php)
[2009-05-12 12:34:05] 7 Konnte Daten zu Item 1465 nicht laden: Query fehlgeschlagen. (/world/lib/classes/World/World_Item.php)
[2009-05-12 12:34:05] 7 Konnte Daten zu Item 15 nicht laden: Query fehlgeschlagen. (/world/lib/classes/World/World_Item.php)
[2009-05-12 12:34:06] 2 Datenbankquery fehlgeschlagen: Unknown column 'wci.name' in 'field list' (SELECT wci.name,wci.item_group,wcig.tradeable,wcig.carryable,wcig.useable,wcig.unique,wci.price,wci.description FROM world_const_item WHERE id=145 ) (/world/lib/classes/DatabaseInterface.php)
[2009-05-12 12:34:06] 2 Datenbankquery fehlgeschlagen: Unknown column 'wci.name' in 'field list' (SELECT wci.name,wci.item_group,wcig.tradeable,wcig.carryable,wcig.useable,wcig.unique,wci.price,wci.description FROM world_const_item WHERE id=146 ) (/world/lib/classes/DatabaseInterface.php)
[2009-05-12 12:34:06] 2 Datenbankquery fehlgeschlagen: Unknown column 'wci.name' in 'field list' (SELECT wci.name,wci.item_group,wcig.tradeable,wcig.carryable,wcig.useable,wcig.unique,wci.price,wci.description FROM world_const_item WHERE id=1465 ) (/world/lib/classes/DatabaseInterface.php)
[2009-05-12 12:34:06] 2 Datenbankquery fehlgeschlagen: Unknown column 'wci.name' in 'field list' (SELECT wci.name,wci.item_group,wcig.tradeable,wcig.carryable,wcig.useable,wcig.unique,wci.price,wci.description FROM world_const_item WHERE id=15 ) (/world/lib/classes/DatabaseInterface.php)
[2009-05-12 12:34:06] 7 Konnte Daten zu Item 145 nicht laden: Query fehlgeschlagen. (/world/lib/classes/World/World_Item.php)
[2009-05-12 12:34:06] 7 Konnte Daten zu Item 146 nicht laden: Query fehlgeschlagen. (/world/lib/classes/World/World_Item.php)
[2009-05-12 12:34:06] 7 Konnte Daten zu Item 1465 nicht laden: Query fehlgeschlagen. (/world/lib/classes/World/World_Item.php)
[2009-05-12 12:34:06] 7 Konnte Daten zu Item 15 nicht laden: Query fehlgeschlagen. (/world/lib/classes/World/World_Item.php)
[2009-05-12 12:35:57] 2 Datenbankquery fehlgeschlagen: Unknown column 'wci.name' in 'field list' (SELECT wci.name,wci.item_group,wcig.tradeable,wcig.carryable,wcig.useable,wcig.unique,wci.price,wci.description FROM world_const_item WHERE id=145 ) (/world/lib/classes/DatabaseInterface.php)
[2009-05-12 12:35:57] 2 Datenbankquery fehlgeschlagen: Unknown column 'wci.name' in 'field list' (SELECT wci.name,wci.item_group,wcig.tradeable,wcig.carryable,wcig.useable,wcig.unique,wci.price,wci.description FROM world_const_item WHERE id=146 ) (/world/lib/classes/DatabaseInterface.php)
[2009-05-12 12:35:57] 2 Datenbankquery fehlgeschlagen: Unknown column 'wci.name' in 'field list' (SELECT wci.name,wci.item_group,wcig.tradeable,wcig.carryable,wcig.useable,wcig.unique,wci.price,wci.description FROM world_const_item WHERE id=1465 ) (/world/lib/classes/DatabaseInterface.php)
[2009-05-12 12:35:57] 2 Datenbankquery fehlgeschlagen: Unknown column 'wci.name' in 'field list' (SELECT wci.name,wci.item_group,wcig.tradeable,wcig.carryable,wcig.useable,wcig.unique,wci.price,wci.description FROM world_const_item WHERE id=15 ) (/world/lib/classes/DatabaseInterface.php)
[2009-05-12 12:35:57] 2 Datenbankquery fehlgeschlagen: Unknown column 'wci.name' in 'field list' (SELECT wci.name,wci.item_group,wcig.tradeable,wcig.carryable,wcig.useable,wcig.unique,wci.price,wci.description FROM world_const_item WHERE id=199 ) (/world/lib/classes/DatabaseInterface.php)
[2009-05-12 12:35:57] 2 Datenbankquery fehlgeschlagen: Unknown column 'wci.name' in 'field list' (SELECT wci.name,wci.item_group,wcig.tradeable,wcig.carryable,wcig.useable,wcig.unique,wci.price,wci.description FROM world_const_item WHERE id=240 ) (/world/lib/classes/DatabaseInterface.php)
[2009-05-12 12:35:57] 7 Konnte Daten zu Item 145 nicht laden: Query fehlgeschlagen. (/world/lib/classes/World/World_Item.php)
[2009-05-12 12:35:57] 7 Konnte Daten zu Item 146 nicht laden: Query fehlgeschlagen. (/world/lib/classes/World/World_Item.php)
[2009-05-12 12:35:57] 7 Konnte Daten zu Item 1465 nicht laden: Query fehlgeschlagen. (/world/lib/classes/World/World_Item.php)
[2009-05-12 12:35:57] 7 Konnte Daten zu Item 15 nicht laden: Query fehlgeschlagen. (/world/lib/classes/World/World_Item.php)
[2009-05-12 12:35:57] 7 Konnte Daten zu Item 199 nicht laden: Query fehlgeschlagen. (/world/lib/classes/World/World_Item.php)
[2009-05-12 12:35:57] 7 Konnte Daten zu Item 240 nicht laden: Query fehlgeschlagen. (/world/lib/classes/World/World_Item.php)
[2009-05-12 12:35:59] 2 Datenbankquery fehlgeschlagen: Unknown column 'wci.name' in 'field list' (SELECT wci.name,wci.item_group,wcig.tradeable,wcig.carryable,wcig.useable,wcig.unique,wci.price,wci.description FROM world_const_item WHERE id=145 ) (/world/lib/classes/DatabaseInterface.php)
[2009-05-12 12:35:59] 2 Datenbankquery fehlgeschlagen: Unknown column 'wci.name' in 'field list' (SELECT wci.name,wci.item_group,wcig.tradeable,wcig.carryable,wcig.useable,wcig.unique,wci.price,wci.description FROM world_const_item WHERE id=146 ) (/world/lib/classes/DatabaseInterface.php)
[2009-05-12 12:35:59] 2 Datenbankquery fehlgeschlagen: Unknown column 'wci.name' in 'field list' (SELECT wci.name,wci.item_group,wcig.tradeable,wcig.carryable,wcig.useable,wcig.unique,wci.price,wci.description FROM world_const_item WHERE id=1465 ) (/world/lib/classes/DatabaseInterface.php)
[2009-05-12 12:35:59] 2 Datenbankquery fehlgeschlagen: Unknown column 'wci.name' in 'field list' (SELECT wci.name,wci.item_group,wcig.tradeable,wcig.carryable,wcig.useable,wcig.unique,wci.price,wci.description FROM world_const_item WHERE id=15 ) (/world/lib/classes/DatabaseInterface.php)
[2009-05-12 12:35:59] 2 Datenbankquery fehlgeschlagen: Unknown column 'wci.name' in 'field list' (SELECT wci.name,wci.item_group,wcig.tradeable,wcig.carryable,wcig.useable,wcig.unique,wci.price,wci.description FROM world_const_item WHERE id=199 ) (/world/lib/classes/DatabaseInterface.php)
[2009-05-12 12:35:59] 2 Datenbankquery fehlgeschlagen: Unknown column 'wci.name' in 'field list' (SELECT wci.name,wci.item_group,wcig.tradeable,wcig.carryable,wcig.useable,wcig.unique,wci.price,wci.description FROM world_const_item WHERE id=240 ) (/world/lib/classes/DatabaseInterface.php)
[2009-05-12 12:35:59] 7 Konnte Daten zu Item 145 nicht laden: Query fehlgeschlagen. (/world/lib/classes/World/World_Item.php)
[2009-05-12 12:35:59] 7 Konnte Daten zu Item 146 nicht laden: Query fehlgeschlagen. (/world/lib/classes/World/World_Item.php)
[2009-05-12 12:35:59] 7 Konnte Daten zu Item 1465 nicht laden: Query fehlgeschlagen. (/world/lib/classes/World/World_Item.php)
[2009-05-12 12:35:59] 7 Konnte Daten zu Item 15 nicht laden: Query fehlgeschlagen. (/world/lib/classes/World/World_Item.php)
[2009-05-12 12:35:59] 7 Konnte Daten zu Item 199 nicht laden: Query fehlgeschlagen. (/world/lib/classes/World/World_Item.php)
[2009-05-12 12:35:59] 7 Konnte Daten zu Item 240 nicht laden: Query fehlgeschlagen. (/world/lib/classes/World/World_Item.php)
[2009-05-12 12:36:01] 2 Datenbankquery fehlgeschlagen: Unknown column 'wci.name' in 'field list' (SELECT wci.name,wci.item_group,wcig.tradeable,wcig.carryable,wcig.useable,wcig.unique,wci.price,wci.description FROM world_const_item WHERE id=145 ) (/world/lib/classes/DatabaseInterface.php)
[2009-05-12 12:36:01] 2 Datenbankquery fehlgeschlagen: Unknown column 'wci.name' in 'field list' (SELECT wci.name,wci.item_group,wcig.tradeable,wcig.carryable,wcig.useable,wcig.unique,wci.price,wci.description FROM world_const_item WHERE id=146 ) (/world/lib/classes/DatabaseInterface.php)
[2009-05-12 12:36:01] 2 Datenbankquery fehlgeschlagen: Unknown column 'wci.name' in 'field list' (SELECT wci.name,wci.item_group,wcig.tradeable,wcig.carryable,wcig.useable,wcig.unique,wci.price,wci.description FROM world_const_item WHERE id=1465 ) (/world/lib/classes/DatabaseInterface.php)
[2009-05-12 12:36:01] 2 Datenbankquery fehlgeschlagen: Unknown column 'wci.name' in 'field list' (SELECT wci.name,wci.item_group,wcig.tradeable,wcig.carryable,wcig.useable,wcig.unique,wci.price,wci.description FROM world_const_item WHERE id=15 ) (/world/lib/classes/DatabaseInterface.php)
[2009-05-12 12:36:01] 2 Datenbankquery fehlgeschlagen: Unknown column 'wci.name' in 'field list' (SELECT wci.name,wci.item_group,wcig.tradeable,wcig.carryable,wcig.useable,wcig.unique,wci.price,wci.description FROM world_const_item WHERE id=199 ) (/world/lib/classes/DatabaseInterface.php)
[2009-05-12 12:36:01] 2 Datenbankquery fehlgeschlagen: Unknown column 'wci.name' in 'field list' (SELECT wci.name,wci.item_group,wcig.tradeable,wcig.carryable,wcig.useable,wcig.unique,wci.price,wci.description FROM world_const_item WHERE id=240 ) (/world/lib/classes/DatabaseInterface.php)
[2009-05-12 12:36:01] 7 Konnte Daten zu Item 145 nicht laden: Query fehlgeschlagen. (/world/lib/classes/World/World_Item.php)
[2009-05-12 12:36:01] 7 Konnte Daten zu Item 146 nicht laden: Query fehlgeschlagen. (/world/lib/classes/World/World_Item.php)
[2009-05-12 12:36:01] 7 Konnte Daten zu Item 1465 nicht laden: Query fehlgeschlagen. (/world/lib/classes/World/World_Item.php)
[2009-05-12 12:36:01] 7 Konnte Daten zu Item 15 nicht laden: Query fehlgeschlagen. (/world/lib/classes/World/World_Item.php)
[2009-05-12 12:36:01] 7 Konnte Daten zu Item 199 nicht laden: Query fehlgeschlagen. (/world/lib/classes/World/World_Item.php)
[2009-05-12 12:36:01] 7 Konnte Daten zu Item 240 nicht laden: Query fehlgeschlagen. (/world/lib/classes/World/World_Item.php)
[2009-05-12 12:36:02] 2 Datenbankquery fehlgeschlagen: Unknown column 'wci.name' in 'field list' (SELECT wci.name,wci.item_group,wcig.tradeable,wcig.carryable,wcig.useable,wcig.unique,wci.price,wci.description FROM world_const_item WHERE id=145 ) (/world/lib/classes/DatabaseInterface.php)
[2009-05-12 12:36:02] 2 Datenbankquery fehlgeschlagen: Unknown column 'wci.name' in 'field list' (SELECT wci.name,wci.item_group,wcig.tradeable,wcig.carryable,wcig.useable,wcig.unique,wci.price,wci.description FROM world_const_item WHERE id=146 ) (/world/lib/classes/DatabaseInterface.php)
[2009-05-12 12:36:02] 2 Datenbankquery fehlgeschlagen: Unknown column 'wci.name' in 'field list' (SELECT wci.name,wci.item_group,wcig.tradeable,wcig.carryable,wcig.useable,wcig.unique,wci.price,wci.description FROM world_const_item WHERE id=1465 ) (/world/lib/classes/DatabaseInterface.php)
[2009-05-12 12:36:02] 2 Datenbankquery fehlgeschlagen: Unknown column 'wci.name' in 'field list' (SELECT wci.name,wci.item_group,wcig.tradeable,wcig.carryable,wcig.useable,wcig.unique,wci.price,wci.description FROM world_const_item WHERE id=15 ) (/world/lib/classes/DatabaseInterface.php)
[2009-05-12 12:36:02] 2 Datenbankquery fehlgeschlagen: Unknown column 'wci.name' in 'field list' (SELECT wci.name,wci.item_group,wcig.tradeable,wcig.carryable,wcig.useable,wcig.unique,wci.price,wci.description FROM world_const_item WHERE id=199 ) (/world/lib/classes/DatabaseInterface.php)
[2009-05-12 12:36:02] 2 Datenbankquery fehlgeschlagen: Unknown column 'wci.name' in 'field list' (SELECT wci.name,wci.item_group,wcig.tradeable,wcig.carryable,wcig.useable,wcig.unique,wci.price,wci.description FROM world_const_item WHERE id=240 ) (/world/lib/classes/DatabaseInterface.php)
[2009-05-12 12:36:02] 7 Konnte Daten zu Item 145 nicht laden: Query fehlgeschlagen. (/world/lib/classes/World/World_Item.php)
[2009-05-12 12:36:02] 7 Konnte Daten zu Item 146 nicht laden: Query fehlgeschlagen. (/world/lib/classes/World/World_Item.php)
[2009-05-12 12:36:02] 7 Konnte Daten zu Item 1465 nicht laden: Query fehlgeschlagen. (/world/lib/classes/World/World_Item.php)
[2009-05-12 12:36:02] 7 Konnte Daten zu Item 15 nicht laden: Query fehlgeschlagen. (/world/lib/classes/World/World_Item.php)
[2009-05-12 12:36:02] 7 Konnte Daten zu Item 199 nicht laden: Query fehlgeschlagen. (/world/lib/classes/World/World_Item.php)
[2009-05-12 12:36:02] 7 Konnte Daten zu Item 240 nicht laden: Query fehlgeschlagen. (/world/lib/classes/World/World_Item.php)
[2009-05-12 12:36:03] 2 Datenbankquery fehlgeschlagen: Unknown column 'wci.name' in 'field list' (SELECT wci.name,wci.item_group,wcig.tradeable,wcig.carryable,wcig.useable,wcig.unique,wci.price,wci.description FROM world_const_item WHERE id=145 ) (/world/lib/classes/DatabaseInterface.php)
[2009-05-12 12:36:03] 2 Datenbankquery fehlgeschlagen: Unknown column 'wci.name' in 'field list' (SELECT wci.name,wci.item_group,wcig.tradeable,wcig.carryable,wcig.useable,wcig.unique,wci.price,wci.description FROM world_const_item WHERE id=146 ) (/world/lib/classes/DatabaseInterface.php)
[2009-05-12 12:36:03] 2 Datenbankquery fehlgeschlagen: Unknown column 'wci.name' in 'field list' (SELECT wci.name,wci.item_group,wcig.tradeable,wcig.carryable,wcig.useable,wcig.unique,wci.price,wci.description FROM world_const_item WHERE id=1465 ) (/world/lib/classes/DatabaseInterface.php)
[2009-05-12 12:36:03] 2 Datenbankquery fehlgeschlagen: Unknown column 'wci.name' in 'field list' (SELECT wci.name,wci.item_group,wcig.tradeable,wcig.carryable,wcig.useable,wcig.unique,wci.price,wci.description FROM world_const_item WHERE id=15 ) (/world/lib/classes/DatabaseInterface.php)
[2009-05-12 12:36:03] 2 Datenbankquery fehlgeschlagen: Unknown column 'wci.name' in 'field list' (SELECT wci.name,wci.item_group,wcig.tradeable,wcig.carryable,wcig.useable,wcig.unique,wci.price,wci.description FROM world_const_item WHERE id=199 ) (/world/lib/classes/DatabaseInterface.php)
[2009-05-12 12:36:03] 2 Datenbankquery fehlgeschlagen: Unknown column 'wci.name' in 'field list' (SELECT wci.name,wci.item_group,wcig.tradeable,wcig.carryable,wcig.useable,wcig.unique,wci.price,wci.description FROM world_const_item WHERE id=240 ) (/world/lib/classes/DatabaseInterface.php)
[2009-05-12 12:36:03] 7 Konnte Daten zu Item 145 nicht laden: Query fehlgeschlagen. (/world/lib/classes/World/World_Item.php)
[2009-05-12 12:36:03] 7 Konnte Daten zu Item 146 nicht laden: Query fehlgeschlagen. (/world/lib/classes/World/World_Item.php)
[2009-05-12 12:36:03] 7 Konnte Daten zu Item 1465 nicht laden: Query fehlgeschlagen. (/world/lib/classes/World/World_Item.php)
[2009-05-12 12:36:03] 7 Konnte Daten zu Item 15 nicht laden: Query fehlgeschlagen. (/world/lib/classes/World/World_Item.php)
[2009-05-12 12:36:03] 7 Konnte Daten zu Item 199 nicht laden: Query fehlgeschlagen. (/world/lib/classes/World/World_Item.php)
[2009-05-12 12:36:03] 7 Konnte Daten zu Item 240 nicht laden: Query fehlgeschlagen. (/world/lib/classes/World/World_Item.php)
[2009-05-12 12:36:05] 2 Datenbankquery fehlgeschlagen: Unknown column 'wci.name' in 'field list' (SELECT wci.name,wci.item_group,wcig.tradeable,wcig.carryable,wcig.useable,wcig.unique,wci.price,wci.description FROM world_const_item WHERE id=145 ) (/world/lib/classes/DatabaseInterface.php)
[2009-05-12 12:36:05] 2 Datenbankquery fehlgeschlagen: Unknown column 'wci.name' in 'field list' (SELECT wci.name,wci.item_group,wcig.tradeable,wcig.carryable,wcig.useable,wcig.unique,wci.price,wci.description FROM world_const_item WHERE id=146 ) (/world/lib/classes/DatabaseInterface.php)
[2009-05-12 12:36:05] 2 Datenbankquery fehlgeschlagen: Unknown column 'wci.name' in 'field list' (SELECT wci.name,wci.item_group,wcig.tradeable,wcig.carryable,wcig.useable,wcig.unique,wci.price,wci.description FROM world_const_item WHERE id=1465 ) (/world/lib/classes/DatabaseInterface.php)
[2009-05-12 12:36:05] 2 Datenbankquery fehlgeschlagen: Unknown column 'wci.name' in 'field list' (SELECT wci.name,wci.item_group,wcig.tradeable,wcig.carryable,wcig.useable,wcig.unique,wci.price,wci.description FROM world_const_item WHERE id=15 ) (/world/lib/classes/DatabaseInterface.php)
[2009-05-12 12:36:05] 2 Datenbankquery fehlgeschlagen: Unknown column 'wci.name' in 'field list' (SELECT wci.name,wci.item_group,wcig.tradeable,wcig.carryable,wcig.useable,wcig.unique,wci.price,wci.description FROM world_const_item WHERE id=199 ) (/world/lib/classes/DatabaseInterface.php)
[2009-05-12 12:36:05] 2 Datenbankquery fehlgeschlagen: Unknown column 'wci.name' in 'field list' (SELECT wci.name,wci.item_group,wcig.tradeable,wcig.carryable,wcig.useable,wcig.unique,wci.price,wci.description FROM world_const_item WHERE id=240 ) (/world/lib/classes/DatabaseInterface.php)
[2009-05-12 12:36:05] 7 Konnte Daten zu Item 145 nicht laden: Query fehlgeschlagen. (/world/lib/classes/World/World_Item.php)
[2009-05-12 12:36:05] 7 Konnte Daten zu Item 146 nicht laden: Query fehlgeschlagen. (/world/lib/classes/World/World_Item.php)
[2009-05-12 12:36:05] 7 Konnte Daten zu Item 1465 nicht laden: Query fehlgeschlagen. (/world/lib/classes/World/World_Item.php)
[2009-05-12 12:36:05] 7 Konnte Daten zu Item 15 nicht laden: Query fehlgeschlagen. (/world/lib/classes/World/World_Item.php)
[2009-05-12 12:36:05] 7 Konnte Daten zu Item 199 nicht laden: Query fehlgeschlagen. (/world/lib/classes/World/World_Item.php)
[2009-05-12 12:36:05] 7 Konnte Daten zu Item 240 nicht laden: Query fehlgeschlagen. (/world/lib/classes/World/World_Item.php)
[2009-05-12 12:40:13] 2 Datenbankquery fehlgeschlagen: Unknown column 'wci.name' in 'field list' (SELECT wci.name,wci.item_group,wcig.tradeable,wcig.carryable,wcig.useable,wcig.unique,wci.price,wci.description FROM world_const_item WHERE id=145 ) (/world/lib/classes/DatabaseInterface.php)
[2009-05-12 12:40:13] 2 Datenbankquery fehlgeschlagen: Unknown column 'wci.name' in 'field list' (SELECT wci.name,wci.item_group,wcig.tradeable,wcig.carryable,wcig.useable,wcig.unique,wci.price,wci.description FROM world_const_item WHERE id=146 ) (/world/lib/classes/DatabaseInterface.php)
[2009-05-12 12:40:13] 2 Datenbankquery fehlgeschlagen: Unknown column 'wci.name' in 'field list' (SELECT wci.name,wci.item_group,wcig.tradeable,wcig.carryable,wcig.useable,wcig.unique,wci.price,wci.description FROM world_const_item WHERE id=1465 ) (/world/lib/classes/DatabaseInterface.php)
[2009-05-12 12:40:13] 2 Datenbankquery fehlgeschlagen: Unknown column 'wci.name' in 'field list' (SELECT wci.name,wci.item_group,wcig.tradeable,wcig.carryable,wcig.useable,wcig.unique,wci.price,wci.description FROM world_const_item WHERE id=15 ) (/world/lib/classes/DatabaseInterface.php)
[2009-05-12 12:40:13] 2 Datenbankquery fehlgeschlagen: Unknown column 'wci.name' in 'field list' (SELECT wci.name,wci.item_group,wcig.tradeable,wcig.carryable,wcig.useable,wcig.unique,wci.price,wci.description FROM world_const_item WHERE id=199 ) (/world/lib/classes/DatabaseInterface.php)
[2009-05-12 12:40:13] 2 Datenbankquery fehlgeschlagen: Unknown column 'wci.name' in 'field list' (SELECT wci.name,wci.item_group,wcig.tradeable,wcig.carryable,wcig.useable,wcig.unique,wci.price,wci.description FROM world_const_item WHERE id=240 ) (/world/lib/classes/DatabaseInterface.php)
[2009-05-12 12:40:13] 7 Konnte Daten zu Item 145 nicht laden: Query fehlgeschlagen. (/world/lib/classes/World/World_Item.php)
[2009-05-12 12:40:13] 7 Konnte Daten zu Item 146 nicht laden: Query fehlgeschlagen. (/world/lib/classes/World/World_Item.php)
[2009-05-12 12:40:13] 7 Konnte Daten zu Item 1465 nicht laden: Query fehlgeschlagen. (/world/lib/classes/World/World_Item.php)
[2009-05-12 12:40:13] 7 Konnte Daten zu Item 15 nicht laden: Query fehlgeschlagen. (/world/lib/classes/World/World_Item.php)
[2009-05-12 12:40:13] 7 Konnte Daten zu Item 199 nicht laden: Query fehlgeschlagen. (/world/lib/classes/World/World_Item.php)
[2009-05-12 12:40:13] 7 Konnte Daten zu Item 240 nicht laden: Query fehlgeschlagen. (/world/lib/classes/World/World_Item.php)
[2009-05-12 12:40:15] 2 Datenbankquery fehlgeschlagen: Unknown column 'wci.name' in 'field list' (SELECT wci.name,wci.item_group,wcig.tradeable,wcig.carryable,wcig.useable,wcig.unique,wci.price,wci.description FROM world_const_item WHERE id=145 ) (/world/lib/classes/DatabaseInterface.php)
[2009-05-12 12:40:15] 2 Datenbankquery fehlgeschlagen: Unknown column 'wci.name' in 'field list' (SELECT wci.name,wci.item_group,wcig.tradeable,wcig.carryable,wcig.useable,wcig.unique,wci.price,wci.description FROM world_const_item WHERE id=146 ) (/world/lib/classes/DatabaseInterface.php)
[2009-05-12 12:40:15] 2 Datenbankquery fehlgeschlagen: Unknown column 'wci.name' in 'field list' (SELECT wci.name,wci.item_group,wcig.tradeable,wcig.carryable,wcig.useable,wcig.unique,wci.price,wci.description FROM world_const_item WHERE id=1465 ) (/world/lib/classes/DatabaseInterface.php)
[2009-05-12 12:40:15] 2 Datenbankquery fehlgeschlagen: Unknown column 'wci.name' in 'field list' (SELECT wci.name,wci.item_group,wcig.tradeable,wcig.carryable,wcig.useable,wcig.unique,wci.price,wci.description FROM world_const_item WHERE id=15 ) (/world/lib/classes/DatabaseInterface.php)
[2009-05-12 12:40:15] 2 Datenbankquery fehlgeschlagen: Unknown column 'wci.name' in 'field list' (SELECT wci.name,wci.item_group,wcig.tradeable,wcig.carryable,wcig.useable,wcig.unique,wci.price,wci.description FROM world_const_item WHERE id=199 ) (/world/lib/classes/DatabaseInterface.php)
[2009-05-12 12:40:15] 2 Datenbankquery fehlgeschlagen: Unknown column 'wci.name' in 'field list' (SELECT wci.name,wci.item_group,wcig.tradeable,wcig.carryable,wcig.useable,wcig.unique,wci.price,wci.description FROM world_const_item WHERE id=240 ) (/world/lib/classes/DatabaseInterface.php)
[2009-05-12 12:40:15] 7 Konnte Daten zu Item 145 nicht laden: Query fehlgeschlagen. (/world/lib/classes/World/World_Item.php)
[2009-05-12 12:40:15] 7 Konnte Daten zu Item 146 nicht laden: Query fehlgeschlagen. (/world/lib/classes/World/World_Item.php)
[2009-05-12 12:40:15] 7 Konnte Daten zu Item 1465 nicht laden: Query fehlgeschlagen. (/world/lib/classes/World/World_Item.php)
[2009-05-12 12:40:15] 7 Konnte Daten zu Item 15 nicht laden: Query fehlgeschlagen. (/world/lib/classes/World/World_Item.php)
[2009-05-12 12:40:15] 7 Konnte Daten zu Item 199 nicht laden: Query fehlgeschlagen. (/world/lib/classes/World/World_Item.php)
[2009-05-12 12:40:15] 7 Konnte Daten zu Item 240 nicht laden: Query fehlgeschlagen. (/world/lib/classes/World/World_Item.php)
[2009-05-12 12:46:00] 2 Datenbankquery fehlgeschlagen: Unknown column 'wci.name' in 'field list' (SELECT wci.name,wci.item_group,wcig.tradeable,wcig.carryable,wcig.useable,wcig.unique,wci.price,wci.description FROM world_const_item WHERE id=145 ) (/world/lib/classes/DatabaseInterface.php)
[2009-05-12 12:46:00] 2 Datenbankquery fehlgeschlagen: Unknown column 'wci.name' in 'field list' (SELECT wci.name,wci.item_group,wcig.tradeable,wcig.carryable,wcig.useable,wcig.unique,wci.price,wci.description FROM world_const_item WHERE id=146 ) (/world/lib/classes/DatabaseInterface.php)
[2009-05-12 12:46:00] 2 Datenbankquery fehlgeschlagen: Unknown column 'wci.name' in 'field list' (SELECT wci.name,wci.item_group,wcig.tradeable,wcig.carryable,wcig.useable,wcig.unique,wci.price,wci.description FROM world_const_item WHERE id=1465 ) (/world/lib/classes/DatabaseInterface.php)
[2009-05-12 12:46:00] 2 Datenbankquery fehlgeschlagen: Unknown column 'wci.name' in 'field list' (SELECT wci.name,wci.item_group,wcig.tradeable,wcig.carryable,wcig.useable,wcig.unique,wci.price,wci.description FROM world_const_item WHERE id=15 ) (/world/lib/classes/DatabaseInterface.php)
[2009-05-12 12:46:00] 2 Datenbankquery fehlgeschlagen: Unknown column 'wci.name' in 'field list' (SELECT wci.name,wci.item_group,wcig.tradeable,wcig.carryable,wcig.useable,wcig.unique,wci.price,wci.description FROM world_const_item WHERE id=199 ) (/world/lib/classes/DatabaseInterface.php)
[2009-05-12 12:46:00] 2 Datenbankquery fehlgeschlagen: Unknown column 'wci.name' in 'field list' (SELECT wci.name,wci.item_group,wcig.tradeable,wcig.carryable,wcig.useable,wcig.unique,wci.price,wci.description FROM world_const_item WHERE id=240 ) (/world/lib/classes/DatabaseInterface.php)
[2009-05-12 12:46:00] 7 Konnte Daten zu Item 145 nicht laden: Query fehlgeschlagen. (/world/lib/classes/World/World_Item.php)
[2009-05-12 12:46:00] 7 Konnte Daten zu Item 146 nicht laden: Query fehlgeschlagen. (/world/lib/classes/World/World_Item.php)
[2009-05-12 12:46:00] 7 Konnte Daten zu Item 1465 nicht laden: Query fehlgeschlagen. (/world/lib/classes/World/World_Item.php)
[2009-05-12 12:46:00] 7 Konnte Daten zu Item 15 nicht laden: Query fehlgeschlagen. (/world/lib/classes/World/World_Item.php)
[2009-05-12 12:46:00] 7 Konnte Daten zu Item 199 nicht laden: Query fehlgeschlagen. (/world/lib/classes/World/World_Item.php)
[2009-05-12 12:46:00] 7 Konnte Daten zu Item 240 nicht laden: Query fehlgeschlagen. (/world/lib/classes/World/World_Item.php)
[2009-05-12 13:20:23] 2 Datenbankquery fehlgeschlagen: You have an error in your SQL syntax; check the manual that corresponds to your MySQL server version for the right syntax to use near 'id=145 world_const_item_group AS wcig ON wcig.id=wci.item_group  WHERE 1 > 0' at line 1 (SELECT wci.name,wci.item_group,wcig.tradeable,wcig.carryable,wcig.useable,wcig.unique,wci.price,wci.description FROM  world_const_item AS wci id=145 world_const_item_group AS wcig ON wcig.id=wci.item_group  WHERE 1 > 0 ) (/world/lib/classes/DatabaseInterface.php)
[2009-05-12 13:20:23] 2 Konnte Daten zu Item 145 nicht laden: Query fehlgeschlagen. (/world/lib/classes/World/World_Item.php)
[2009-05-12 13:20:23] 2 Datenbankquery fehlgeschlagen: You have an error in your SQL syntax; check the manual that corresponds to your MySQL server version for the right syntax to use near 'id=146 world_const_item_group AS wcig ON wcig.id=wci.item_group  WHERE 1 > 0' at line 1 (SELECT wci.name,wci.item_group,wcig.tradeable,wcig.carryable,wcig.useable,wcig.unique,wci.price,wci.description FROM  world_const_item AS wci id=146 world_const_item_group AS wcig ON wcig.id=wci.item_group  WHERE 1 > 0 ) (/world/lib/classes/DatabaseInterface.php)
[2009-05-12 13:20:23] 2 Konnte Daten zu Item 146 nicht laden: Query fehlgeschlagen. (/world/lib/classes/World/World_Item.php)
[2009-05-12 13:20:23] 2 Datenbankquery fehlgeschlagen: You have an error in your SQL syntax; check the manual that corresponds to your MySQL server version for the right syntax to use near 'id=1465 world_const_item_group AS wcig ON wcig.id=wci.item_group  WHERE 1 > 0' at line 1 (SELECT wci.name,wci.item_group,wcig.tradeable,wcig.carryable,wcig.useable,wcig.unique,wci.price,wci.description FROM  world_const_item AS wci id=1465 world_const_item_group AS wcig ON wcig.id=wci.item_group  WHERE 1 > 0 ) (/world/lib/classes/DatabaseInterface.php)
[2009-05-12 13:20:23] 2 Konnte Daten zu Item 1465 nicht laden: Query fehlgeschlagen. (/world/lib/classes/World/World_Item.php)
[2009-05-12 13:20:23] 2 Datenbankquery fehlgeschlagen: You have an error in your SQL syntax; check the manual that corresponds to your MySQL server version for the right syntax to use near 'id=15 world_const_item_group AS wcig ON wcig.id=wci.item_group  WHERE 1 > 0' at line 1 (SELECT wci.name,wci.item_group,wcig.tradeable,wcig.carryable,wcig.useable,wcig.unique,wci.price,wci.description FROM  world_const_item AS wci id=15 world_const_item_group AS wcig ON wcig.id=wci.item_group  WHERE 1 > 0 ) (/world/lib/classes/DatabaseInterface.php)
[2009-05-12 13:20:23] 2 Konnte Daten zu Item 15 nicht laden: Query fehlgeschlagen. (/world/lib/classes/World/World_Item.php)
[2009-05-12 13:20:23] 2 Datenbankquery fehlgeschlagen: You have an error in your SQL syntax; check the manual that corresponds to your MySQL server version for the right syntax to use near 'id=199 world_const_item_group AS wcig ON wcig.id=wci.item_group  WHERE 1 > 0' at line 1 (SELECT wci.name,wci.item_group,wcig.tradeable,wcig.carryable,wcig.useable,wcig.unique,wci.price,wci.description FROM  world_const_item AS wci id=199 world_const_item_group AS wcig ON wcig.id=wci.item_group  WHERE 1 > 0 ) (/world/lib/classes/DatabaseInterface.php)
[2009-05-12 13:20:23] 2 Konnte Daten zu Item 199 nicht laden: Query fehlgeschlagen. (/world/lib/classes/World/World_Item.php)
[2009-05-12 13:20:23] 2 Datenbankquery fehlgeschlagen: You have an error in your SQL syntax; check the manual that corresponds to your MySQL server version for the right syntax to use near 'id=240 world_const_item_group AS wcig ON wcig.id=wci.item_group  WHERE 1 > 0' at line 1 (SELECT wci.name,wci.item_group,wcig.tradeable,wcig.carryable,wcig.useable,wcig.unique,wci.price,wci.description FROM  world_const_item AS wci id=240 world_const_item_group AS wcig ON wcig.id=wci.item_group  WHERE 1 > 0 ) (/world/lib/classes/DatabaseInterface.php)
[2009-05-12 13:20:23] 2 Konnte Daten zu Item 240 nicht laden: Query fehlgeschlagen. (/world/lib/classes/World/World_Item.php)
[2009-05-12 13:20:27] 2 Datenbankquery fehlgeschlagen: You have an error in your SQL syntax; check the manual that corresponds to your MySQL server version for the right syntax to use near 'id=145 world_const_item_group AS wcig ON wcig.id=wci.item_group  WHERE 1 > 0' at line 1 (SELECT wci.name,wci.item_group,wcig.tradeable,wcig.carryable,wcig.useable,wcig.unique,wci.price,wci.description FROM  world_const_item AS wci id=145 world_const_item_group AS wcig ON wcig.id=wci.item_group  WHERE 1 > 0 ) (/world/lib/classes/DatabaseInterface.php)
[2009-05-12 13:20:27] 2 Konnte Daten zu Item 145 nicht laden: Query fehlgeschlagen. (/world/lib/classes/World/World_Item.php)
[2009-05-12 13:20:27] 2 Datenbankquery fehlgeschlagen: You have an error in your SQL syntax; check the manual that corresponds to your MySQL server version for the right syntax to use near 'id=146 world_const_item_group AS wcig ON wcig.id=wci.item_group  WHERE 1 > 0' at line 1 (SELECT wci.name,wci.item_group,wcig.tradeable,wcig.carryable,wcig.useable,wcig.unique,wci.price,wci.description FROM  world_const_item AS wci id=146 world_const_item_group AS wcig ON wcig.id=wci.item_group  WHERE 1 > 0 ) (/world/lib/classes/DatabaseInterface.php)
[2009-05-12 13:20:27] 2 Konnte Daten zu Item 146 nicht laden: Query fehlgeschlagen. (/world/lib/classes/World/World_Item.php)
[2009-05-12 13:20:27] 2 Datenbankquery fehlgeschlagen: You have an error in your SQL syntax; check the manual that corresponds to your MySQL server version for the right syntax to use near 'id=1465 world_const_item_group AS wcig ON wcig.id=wci.item_group  WHERE 1 > 0' at line 1 (SELECT wci.name,wci.item_group,wcig.tradeable,wcig.carryable,wcig.useable,wcig.unique,wci.price,wci.description FROM  world_const_item AS wci id=1465 world_const_item_group AS wcig ON wcig.id=wci.item_group  WHERE 1 > 0 ) (/world/lib/classes/DatabaseInterface.php)
[2009-05-12 13:20:27] 2 Konnte Daten zu Item 1465 nicht laden: Query fehlgeschlagen. (/world/lib/classes/World/World_Item.php)
[2009-05-12 13:20:27] 2 Datenbankquery fehlgeschlagen: You have an error in your SQL syntax; check the manual that corresponds to your MySQL server version for the right syntax to use near 'id=15 world_const_item_group AS wcig ON wcig.id=wci.item_group  WHERE 1 > 0' at line 1 (SELECT wci.name,wci.item_group,wcig.tradeable,wcig.carryable,wcig.useable,wcig.unique,wci.price,wci.description FROM  world_const_item AS wci id=15 world_const_item_group AS wcig ON wcig.id=wci.item_group  WHERE 1 > 0 ) (/world/lib/classes/DatabaseInterface.php)
[2009-05-12 13:20:27] 2 Konnte Daten zu Item 15 nicht laden: Query fehlgeschlagen. (/world/lib/classes/World/World_Item.php)
[2009-05-12 13:20:27] 2 Datenbankquery fehlgeschlagen: You have an error in your SQL syntax; check the manual that corresponds to your MySQL server version for the right syntax to use near 'id=199 world_const_item_group AS wcig ON wcig.id=wci.item_group  WHERE 1 > 0' at line 1 (SELECT wci.name,wci.item_group,wcig.tradeable,wcig.carryable,wcig.useable,wcig.unique,wci.price,wci.description FROM  world_const_item AS wci id=199 world_const_item_group AS wcig ON wcig.id=wci.item_group  WHERE 1 > 0 ) (/world/lib/classes/DatabaseInterface.php)
[2009-05-12 13:20:27] 2 Konnte Daten zu Item 199 nicht laden: Query fehlgeschlagen. (/world/lib/classes/World/World_Item.php)
[2009-05-12 13:20:27] 2 Datenbankquery fehlgeschlagen: You have an error in your SQL syntax; check the manual that corresponds to your MySQL server version for the right syntax to use near 'id=240 world_const_item_group AS wcig ON wcig.id=wci.item_group  WHERE 1 > 0' at line 1 (SELECT wci.name,wci.item_group,wcig.tradeable,wcig.carryable,wcig.useable,wcig.unique,wci.price,wci.description FROM  world_const_item AS wci id=240 world_const_item_group AS wcig ON wcig.id=wci.item_group  WHERE 1 > 0 ) (/world/lib/classes/DatabaseInterface.php)
[2009-05-12 13:20:27] 2 Konnte Daten zu Item 240 nicht laden: Query fehlgeschlagen. (/world/lib/classes/World/World_Item.php)
